{
  "0 debug pnpm:scope": {
    "selected": 1
  },
  "1 error pnpm": {
    "shortMessage": "Command failed with exit code 1: C:\\Users\\xiaoj\\AppData\\Roaming\\npm\\pnpm.CMD add @umijs/umi-app --global --global-dir C:\\Users\\xiaoj\\AppData\\Local\\Temp\\dlx-4668 --dir C:\\Users\\xiaoj\\AppData\\Local\\Temp\\dlx-4668",
    "command": "C:\\Users\\xiaoj\\AppData\\Roaming\\npm\\pnpm.CMD add @umijs/umi-app --global --global-dir C:\\Users\\xiaoj\\AppData\\Local\\Temp\\dlx-4668 --dir C:\\Users\\xiaoj\\AppData\\Local\\Temp\\dlx-4668",
    "escapedCommand": "\"C:\\Users\\xiaoj\\AppData\\Roaming\\npm\\pnpm.CMD\" add \"@umijs/umi-app\" --global --global-dir \"C:\\Users\\xiaoj\\AppData\\Local\\Temp\\dlx-4668\" --dir \"C:\\Users\\xiaoj\\AppData\\Local\\Temp\\dlx-4668\"",
    "exitCode": 1,
    "failed": true,
    "timedOut": false,
    "isCanceled": false,
    "killed": false,
    "err": {
      "name": "pnpm",
      "message": "Command failed with exit code 1: C:\\Users\\xiaoj\\AppData\\Roaming\\npm\\pnpm.CMD add @umijs/umi-app --global --global-dir C:\\Users\\xiaoj\\AppData\\Local\\Temp\\dlx-4668 --dir C:\\Users\\xiaoj\\AppData\\Local\\Temp\\dlx-4668",
      "stack": "pnpm: Command failed with exit code 1: C:\\Users\\xiaoj\\AppData\\Roaming\\npm\\pnpm.CMD add @umijs/umi-app --global --global-dir C:\\Users\\xiaoj\\AppData\\Local\\Temp\\dlx-4668 --dir C:\\Users\\xiaoj\\AppData\\Local\\Temp\\dlx-4668\n    at makeError (C:\\Users\\xiaoj\\AppData\\Roaming\\npm\\node_modules\\pnpm\\dist\\pnpm.cjs:42357:17)\n    at handlePromise (C:\\Users\\xiaoj\\AppData\\Roaming\\npm\\node_modules\\pnpm\\dist\\pnpm.cjs:42928:33)\n    at processTicksAndRejections (node:internal/process/task_queues:96:5)\n    at async Object.handler [as dlx] (C:\\Users\\xiaoj\\AppData\\Roaming\\npm\\node_modules\\pnpm\\dist\\pnpm.cjs:179025:7)\n    at async C:\\Users\\xiaoj\\AppData\\Roaming\\npm\\node_modules\\pnpm\\dist\\pnpm.cjs:183649:21\n    at async run (C:\\Users\\xiaoj\\AppData\\Roaming\\npm\\node_modules\\pnpm\\dist\\pnpm.cjs:183623:34)\n    at async runPnpm (C:\\Users\\xiaoj\\AppData\\Roaming\\npm\\node_modules\\pnpm\\dist\\pnpm.cjs:183835:5)\n    at async C:\\Users\\xiaoj\\AppData\\Roaming\\npm\\node_modules\\pnpm\\dist\\pnpm.cjs:183827:7"
    }
  }
}